<?xml version="1.0" encoding="UTF-8"?>
<!-- Generated by org.testng.reporters.JUnitXMLReporter -->
<testsuite hostname="DHARMPAL-PC" ignored="0" name="Test" tests="4" failures="0" timestamp="17 Jun 2018 05:59:42 GMT" time="80.427" errors="0">
  <testcase name="loginPageTitleTest" time="0.06" classname="com.crm.qa.testcases.LoginPageTest"/>
  <testcase name="verifyContactsPageLabel" time="0.116" classname="com.crm.qa.testcases.ContactsPageTest"/>
  <testcase name="verifyHomePageTitleTest" time="0.036" classname="com.crm.qa.testcases.HomePageTest"/>
  <testcase name="crmLogoImageTest" time="0.088" classname="com.crm.qa.testcases.LoginPageTest"/>
</testsuite> <!-- Test -->
